[21-03-11 16:23:47:441][WARN ][ClassPathMapperScanner][warn(44)][restartedMain]: Skipping MapperFactoryBean with name 'cacheStudentMapper' and 'com.example.demo.Mapper.CacheStudentMapper' mapperInterface. Bean already defined with the same name!
[21-03-11 16:23:47:441][WARN ][ClassPathMapperScanner][warn(44)][restartedMain]: Skipping MapperFactoryBean with name 'userMapper' and 'com.example.demo.Mapper.UserMapper' mapperInterface. Bean already defined with the same name!
[21-03-11 16:23:47:441][WARN ][ClassPathMapperScanner][warn(44)][restartedMain]: Skipping MapperFactoryBean with name 'happinessDao' and 'com.example.demo.dao.HappinessDao' mapperInterface. Bean already defined with the same name!
[21-03-11 16:23:47:441][WARN ][ClassPathMapperScanner][warn(44)][restartedMain]: No MyBatis mapper was found in '[com.example.demo]' package. Please check your configuration.
[21-03-11 16:26:00:832][WARN ][ClassPathMapperScanner][warn(44)][restartedMain]: Skipping MapperFactoryBean with name 'cacheStudentMapper' and 'com.example.demo.Mapper.CacheStudentMapper' mapperInterface. Bean already defined with the same name!
[21-03-11 16:26:00:832][WARN ][ClassPathMapperScanner][warn(44)][restartedMain]: Skipping MapperFactoryBean with name 'userMapper' and 'com.example.demo.Mapper.UserMapper' mapperInterface. Bean already defined with the same name!
[21-03-11 16:26:00:832][WARN ][ClassPathMapperScanner][warn(44)][restartedMain]: Skipping MapperFactoryBean with name 'happinessDao' and 'com.example.demo.dao.HappinessDao' mapperInterface. Bean already defined with the same name!
[21-03-11 16:26:00:832][WARN ][ClassPathMapperScanner][warn(44)][restartedMain]: No MyBatis mapper was found in '[com.example.demo]' package. Please check your configuration.
[21-03-11 16:26:45:066][WARN ][ClassPathMapperScanner][warn(44)][restartedMain]: Skipping MapperFactoryBean with name 'cacheStudentMapper' and 'com.example.demo.Mapper.CacheStudentMapper' mapperInterface. Bean already defined with the same name!
[21-03-11 16:26:45:067][WARN ][ClassPathMapperScanner][warn(44)][restartedMain]: Skipping MapperFactoryBean with name 'userMapper' and 'com.example.demo.Mapper.UserMapper' mapperInterface. Bean already defined with the same name!
[21-03-11 16:26:45:067][WARN ][ClassPathMapperScanner][warn(44)][restartedMain]: Skipping MapperFactoryBean with name 'happinessDao' and 'com.example.demo.dao.HappinessDao' mapperInterface. Bean already defined with the same name!
[21-03-11 16:26:45:067][WARN ][ClassPathMapperScanner][warn(44)][restartedMain]: No MyBatis mapper was found in '[com.example.demo]' package. Please check your configuration.
[21-03-11 16:27:31:773][WARN ][ClassPathMapperScanner][warn(44)][restartedMain]: Skipping MapperFactoryBean with name 'cacheStudentMapper' and 'com.example.demo.Mapper.CacheStudentMapper' mapperInterface. Bean already defined with the same name!
[21-03-11 16:27:31:773][WARN ][ClassPathMapperScanner][warn(44)][restartedMain]: Skipping MapperFactoryBean with name 'userMapper' and 'com.example.demo.Mapper.UserMapper' mapperInterface. Bean already defined with the same name!
[21-03-11 16:27:31:774][WARN ][ClassPathMapperScanner][warn(44)][restartedMain]: Skipping MapperFactoryBean with name 'happinessDao' and 'com.example.demo.dao.HappinessDao' mapperInterface. Bean already defined with the same name!
[21-03-11 16:27:31:774][WARN ][ClassPathMapperScanner][warn(44)][restartedMain]: No MyBatis mapper was found in '[com.example.demo]' package. Please check your configuration.
[21-03-11 16:28:15:628][WARN ][ClassPathMapperScanner][warn(44)][restartedMain]: Skipping MapperFactoryBean with name 'cacheStudentMapper' and 'com.example.demo.Mapper.CacheStudentMapper' mapperInterface. Bean already defined with the same name!
[21-03-11 16:28:15:629][WARN ][ClassPathMapperScanner][warn(44)][restartedMain]: Skipping MapperFactoryBean with name 'userMapper' and 'com.example.demo.Mapper.UserMapper' mapperInterface. Bean already defined with the same name!
[21-03-11 16:28:15:629][WARN ][ClassPathMapperScanner][warn(44)][restartedMain]: Skipping MapperFactoryBean with name 'happinessDao' and 'com.example.demo.dao.HappinessDao' mapperInterface. Bean already defined with the same name!
[21-03-11 16:28:15:629][WARN ][ClassPathMapperScanner][warn(44)][restartedMain]: No MyBatis mapper was found in '[com.example.demo]' package. Please check your configuration.
[21-03-11 16:29:03:039][WARN ][ClassPathMapperScanner][warn(44)][restartedMain]: Skipping MapperFactoryBean with name 'cacheStudentMapper' and 'com.example.demo.Mapper.CacheStudentMapper' mapperInterface. Bean already defined with the same name!
[21-03-11 16:29:03:039][WARN ][ClassPathMapperScanner][warn(44)][restartedMain]: Skipping MapperFactoryBean with name 'userMapper' and 'com.example.demo.Mapper.UserMapper' mapperInterface. Bean already defined with the same name!
[21-03-11 16:29:03:040][WARN ][ClassPathMapperScanner][warn(44)][restartedMain]: Skipping MapperFactoryBean with name 'happinessDao' and 'com.example.demo.dao.HappinessDao' mapperInterface. Bean already defined with the same name!
[21-03-11 16:29:03:040][WARN ][ClassPathMapperScanner][warn(44)][restartedMain]: No MyBatis mapper was found in '[com.example.demo]' package. Please check your configuration.
[21-03-11 16:30:18:709][WARN ][ClassPathMapperScanner][warn(44)][restartedMain]: Skipping MapperFactoryBean with name 'cacheStudentMapper' and 'com.example.demo.Mapper.CacheStudentMapper' mapperInterface. Bean already defined with the same name!
[21-03-11 16:30:18:710][WARN ][ClassPathMapperScanner][warn(44)][restartedMain]: Skipping MapperFactoryBean with name 'userMapper' and 'com.example.demo.Mapper.UserMapper' mapperInterface. Bean already defined with the same name!
[21-03-11 16:30:18:710][WARN ][ClassPathMapperScanner][warn(44)][restartedMain]: Skipping MapperFactoryBean with name 'happinessDao' and 'com.example.demo.dao.HappinessDao' mapperInterface. Bean already defined with the same name!
[21-03-11 16:30:18:711][WARN ][ClassPathMapperScanner][warn(44)][restartedMain]: No MyBatis mapper was found in '[com.example.demo]' package. Please check your configuration.
[21-03-11 16:31:22:208][WARN ][ClassPathMapperScanner][warn(44)][restartedMain]: Skipping MapperFactoryBean with name 'cacheStudentMapper' and 'com.example.demo.Mapper.CacheStudentMapper' mapperInterface. Bean already defined with the same name!
[21-03-11 16:31:22:209][WARN ][ClassPathMapperScanner][warn(44)][restartedMain]: Skipping MapperFactoryBean with name 'userMapper' and 'com.example.demo.Mapper.UserMapper' mapperInterface. Bean already defined with the same name!
[21-03-11 16:31:22:209][WARN ][ClassPathMapperScanner][warn(44)][restartedMain]: Skipping MapperFactoryBean with name 'happinessDao' and 'com.example.demo.dao.HappinessDao' mapperInterface. Bean already defined with the same name!
[21-03-11 16:31:22:209][WARN ][ClassPathMapperScanner][warn(44)][restartedMain]: No MyBatis mapper was found in '[com.example.demo]' package. Please check your configuration.
[21-03-11 16:31:47:270][DEBUG][MybatisAutoConfiguration][registerBeanDefinitions(223)][restartedMain]: Searching for mappers annotated with @Mapper
[21-03-11 16:31:47:270][DEBUG][MybatisAutoConfiguration][lambda$registerBeanDefinitions$0(227)][restartedMain]: Using auto-configuration base package 'com.example.demo'
[21-03-11 16:31:47:619][DEBUG][LogFactory][setImplementation(105)][restartedMain]: Logging initialized using 'class org.apache.ibatis.logging.slf4j.Slf4jImpl' adapter.
[21-03-11 16:31:47:623][DEBUG][ClassPathMapperScanner][scanCandidateComponents(435)][restartedMain]: Identified candidate component class: file [E:\2021年工作记录\java study program\demo\target\classes\com\example\demo\Mapper\CacheStudentMapper.class]
[21-03-11 16:31:47:623][DEBUG][ClassPathMapperScanner][scanCandidateComponents(435)][restartedMain]: Identified candidate component class: file [E:\2021年工作记录\java study program\demo\target\classes\com\example\demo\Mapper\UserMapper.class]
[21-03-11 16:31:47:623][DEBUG][ClassPathMapperScanner][scanCandidateComponents(435)][restartedMain]: Identified candidate component class: file [E:\2021年工作记录\java study program\demo\target\classes\com\example\demo\dao\HappinessDao.class]
[21-03-11 16:31:47:624][WARN ][ClassPathMapperScanner][warn(44)][restartedMain]: Skipping MapperFactoryBean with name 'cacheStudentMapper' and 'com.example.demo.Mapper.CacheStudentMapper' mapperInterface. Bean already defined with the same name!
[21-03-11 16:31:47:624][WARN ][ClassPathMapperScanner][warn(44)][restartedMain]: Skipping MapperFactoryBean with name 'userMapper' and 'com.example.demo.Mapper.UserMapper' mapperInterface. Bean already defined with the same name!
[21-03-11 16:31:47:624][WARN ][ClassPathMapperScanner][warn(44)][restartedMain]: Skipping MapperFactoryBean with name 'happinessDao' and 'com.example.demo.dao.HappinessDao' mapperInterface. Bean already defined with the same name!
[21-03-11 16:31:47:625][WARN ][ClassPathMapperScanner][warn(44)][restartedMain]: No MyBatis mapper was found in '[com.example.demo]' package. Please check your configuration.
[21-03-11 16:31:48:844][DEBUG][SqlSessionFactoryBean][debug(49)][restartedMain]: Property 'mapperLocations' was not specified.
[21-03-11 16:31:50:365][DEBUG][MybatisAutoConfiguration][afterPropertiesSet(266)][restartedMain]: Not found configuration for registering mapper bean using @MapperScan, MapperFactoryBean and MapperScannerConfigurer.
[21-03-11 16:31:52:421][DEBUG][DataSourceUtils][doGetConnection(115)][RMI TCP Connection(2)-2.0.1.178]: Fetching JDBC Connection from DataSource
[21-03-11 16:31:53:778][DEBUG][DataSourceUtils][doGetConnection(115)][RMI TCP Connection(2)-2.0.1.178]: Fetching JDBC Connection from DataSource
[21-03-11 16:32:25:883][WARN ][ClassPathMapperScanner][warn(44)][restartedMain]: Skipping MapperFactoryBean with name 'cacheStudentMapper' and 'com.example.demo.Mapper.CacheStudentMapper' mapperInterface. Bean already defined with the same name!
[21-03-11 16:32:25:883][WARN ][ClassPathMapperScanner][warn(44)][restartedMain]: Skipping MapperFactoryBean with name 'userMapper' and 'com.example.demo.Mapper.UserMapper' mapperInterface. Bean already defined with the same name!
[21-03-11 16:32:25:883][WARN ][ClassPathMapperScanner][warn(44)][restartedMain]: Skipping MapperFactoryBean with name 'happinessDao' and 'com.example.demo.dao.HappinessDao' mapperInterface. Bean already defined with the same name!
[21-03-11 16:32:25:883][WARN ][ClassPathMapperScanner][warn(44)][restartedMain]: No MyBatis mapper was found in '[com.example.demo]' package. Please check your configuration.
[21-03-11 16:33:15:367][WARN ][ClassPathMapperScanner][warn(44)][restartedMain]: Skipping MapperFactoryBean with name 'cacheStudentMapper' and 'com.example.demo.Mapper.CacheStudentMapper' mapperInterface. Bean already defined with the same name!
[21-03-11 16:33:15:367][WARN ][ClassPathMapperScanner][warn(44)][restartedMain]: Skipping MapperFactoryBean with name 'userMapper' and 'com.example.demo.Mapper.UserMapper' mapperInterface. Bean already defined with the same name!
[21-03-11 16:33:15:367][WARN ][ClassPathMapperScanner][warn(44)][restartedMain]: Skipping MapperFactoryBean with name 'happinessDao' and 'com.example.demo.dao.HappinessDao' mapperInterface. Bean already defined with the same name!
[21-03-11 16:33:15:367][WARN ][ClassPathMapperScanner][warn(44)][restartedMain]: No MyBatis mapper was found in '[com.example.demo]' package. Please check your configuration.
[21-03-11 16:33:37:476][WARN ][ClassPathMapperScanner][warn(44)][restartedMain]: Skipping MapperFactoryBean with name 'cacheStudentMapper' and 'com.example.demo.Mapper.CacheStudentMapper' mapperInterface. Bean already defined with the same name!
[21-03-11 16:33:37:477][WARN ][ClassPathMapperScanner][warn(44)][restartedMain]: Skipping MapperFactoryBean with name 'userMapper' and 'com.example.demo.Mapper.UserMapper' mapperInterface. Bean already defined with the same name!
[21-03-11 16:33:37:477][WARN ][ClassPathMapperScanner][warn(44)][restartedMain]: Skipping MapperFactoryBean with name 'happinessDao' and 'com.example.demo.dao.HappinessDao' mapperInterface. Bean already defined with the same name!
[21-03-11 16:33:37:477][WARN ][ClassPathMapperScanner][warn(44)][restartedMain]: No MyBatis mapper was found in '[com.example.demo]' package. Please check your configuration.
[21-03-11 16:34:07:760][WARN ][ClassPathMapperScanner][warn(44)][restartedMain]: Skipping MapperFactoryBean with name 'cacheStudentMapper' and 'com.example.demo.Mapper.CacheStudentMapper' mapperInterface. Bean already defined with the same name!
[21-03-11 16:34:07:761][WARN ][ClassPathMapperScanner][warn(44)][restartedMain]: Skipping MapperFactoryBean with name 'userMapper' and 'com.example.demo.Mapper.UserMapper' mapperInterface. Bean already defined with the same name!
[21-03-11 16:34:07:761][WARN ][ClassPathMapperScanner][warn(44)][restartedMain]: Skipping MapperFactoryBean with name 'happinessDao' and 'com.example.demo.dao.HappinessDao' mapperInterface. Bean already defined with the same name!
[21-03-11 16:34:07:761][WARN ][ClassPathMapperScanner][warn(44)][restartedMain]: No MyBatis mapper was found in '[com.example.demo]' package. Please check your configuration.
[21-03-11 16:34:43:028][WARN ][ClassPathMapperScanner][warn(44)][restartedMain]: Skipping MapperFactoryBean with name 'cacheStudentMapper' and 'com.example.demo.Mapper.CacheStudentMapper' mapperInterface. Bean already defined with the same name!
[21-03-11 16:34:43:028][WARN ][ClassPathMapperScanner][warn(44)][restartedMain]: Skipping MapperFactoryBean with name 'userMapper' and 'com.example.demo.Mapper.UserMapper' mapperInterface. Bean already defined with the same name!
[21-03-11 16:34:43:028][WARN ][ClassPathMapperScanner][warn(44)][restartedMain]: Skipping MapperFactoryBean with name 'happinessDao' and 'com.example.demo.dao.HappinessDao' mapperInterface. Bean already defined with the same name!
[21-03-11 16:34:43:029][WARN ][ClassPathMapperScanner][warn(44)][restartedMain]: No MyBatis mapper was found in '[com.example.demo]' package. Please check your configuration.
